<?xml version="1.0" encoding="UTF-8"?>
<testsuite xmlns:xsi="http://www.w3.org/2001/XMLSchema-instance" xsi:noNamespaceSchemaLocation="https://maven.apache.org/surefire/maven-surefire-plugin/xsd/surefire-test-report.xsd" name="Tests.FluxoCompraTest" time="4,309.67" tests="5" errors="5" skipped="0" failures="0">
  <properties>
[...]
</properties>
  <testcase name="fluxoCompletoBoletoItemPorCategoriaRetira" classname="Tests.FluxoCompraTest" time="14.118">
    <error message="no such element: Unable to locate element: {&quot;method&quot;:&quot;xpath&quot;,&quot;selector&quot;:&quot;//a[contains(text(),&apos;Qual Pneu vocÃª precisa?&apos;)]&quot;}&#10;  (Session info: chrome=79.0.3945.117)&#10;For documentation on this error, please visit: https://www.seleniumhq.org/exceptions/no_such_element.html&#10;Build info: version: &apos;3.141.59&apos;, revision: &apos;e82be7d358&apos;, time: &apos;2018-11-14T08:17:03&apos;&#10;System info: host: &apos;LSPSELB310BNB&apos;, ip: &apos;10.0.0.102&apos;, os.name: &apos;Windows 10&apos;, os.arch: &apos;amd64&apos;, os.version: &apos;10.0&apos;, java.version: &apos;1.8.0_241&apos;&#10;Driver info: org.openqa.selenium.remote.RemoteWebDriver&#10;Capabilities {acceptInsecureCerts: false, browserName: chrome, browserVersion: 79.0.3945.117, chrome: {chromedriverVersion: 79.0.3945.36 (3582db32b3389..., userDataDir: /tmp/.com.google.Chrome.z63hWS}, goog:chromeOptions: {debuggerAddress: localhost:44055}, javascriptEnabled: true, networkConnectionEnabled: false, pageLoadStrategy: normal, platform: LINUX, platformName: LINUX, proxy: Proxy(), setWindowRect: true, strictFileInteractability: false, timeouts: {implicit: 0, pageLoad: 300000, script: 30000}, unhandledPromptBehavior: dismiss and notify, webdriver.remote.sessionid: 469d31896020f41e484847b4ce0...}&#10;Session ID: 469d31896020f41e484847b4ce0f550b&#10;*** Element info: {Using=xpath, value=//a[contains(text(),&apos;Qual Pneu vocÃª precisa?&apos;)]}" type="org.openqa.selenium.NoSuchElementException">org.openqa.selenium.NoSuchElementException: 
no such element: Unable to locate element: {"method":"xpath","selector":"//a[contains(text(),'Qual Pneu vocÃª precisa?')]"}
  (Session info: chrome=79.0.3945.117)
For documentation on this error, please visit: https://www.seleniumhq.org/exceptions/no_such_element.html
Build info: version: '3.141.59', revision: 'e82be7d358', time: '2018-11-14T08:17:03'
System info: host: 'LSPSELB310BNB', ip: '10.0.0.102', os.name: 'Windows 10', os.arch: 'amd64', os.version: '10.0', java.version: '1.8.0_241'
Driver info: org.openqa.selenium.remote.RemoteWebDriver
Capabilities {acceptInsecureCerts: false, browserName: chrome, browserVersion: 79.0.3945.117, chrome: {chromedriverVersion: 79.0.3945.36 (3582db32b3389..., userDataDir: /tmp/.com.google.Chrome.z63hWS}, goog:chromeOptions: {debuggerAddress: localhost:44055}, javascriptEnabled: true, networkConnectionEnabled: false, pageLoadStrategy: normal, platform: LINUX, platformName: LINUX, proxy: Proxy(), setWindowRect: true, strictFileInteractability: false, timeouts: {implicit: 0, pageLoad: 300000, script: 30000}, unhandledPromptBehavior: dismiss and notify, webdriver.remote.sessionid: 469d31896020f41e484847b4ce0...}
Session ID: 469d31896020f41e484847b4ce0f550b
*** Element info: {Using=xpath, value=//a[contains(text(),'Qual Pneu vocÃª precisa?')]}
	at Tests.FluxoCompraTest.fluxoCompletoBoletoItemPorCategoriaRetira(FluxoCompraTest.java:118)
</error>
    <system-err><![CDATA[jan 12, 2021 4:20:48 PM org.openqa.selenium.remote.DesiredCapabilities chrome
INFORMAÇÕES: Using `new ChromeOptions()` is preferred to `DesiredCapabilities.chrome()`
jan 12, 2021 4:20:55 PM org.openqa.selenium.remote.ProtocolHandshake createSession
INFORMAÇÕES: Detected dialect: W3C
]]></system-err>
  </testcase>
  <testcase name="fluxoCompletoBoletoItemPorCategoriaNormal" classname="Tests.FluxoCompraTest" time="14.445">
    <error message="no such element: Unable to locate element: {&quot;method&quot;:&quot;xpath&quot;,&quot;selector&quot;:&quot;//a[contains(text(),&apos;Qual Pneu vocÃª precisa?&apos;)]&quot;}&#10;  (Session info: chrome=79.0.3945.117)&#10;For documentation on this error, please visit: https://www.seleniumhq.org/exceptions/no_such_element.html&#10;Build info: version: &apos;3.141.59&apos;, revision: &apos;e82be7d358&apos;, time: &apos;2018-11-14T08:17:03&apos;&#10;System info: host: &apos;LSPSELB310BNB&apos;, ip: &apos;10.0.0.102&apos;, os.name: &apos;Windows 10&apos;, os.arch: &apos;amd64&apos;, os.version: &apos;10.0&apos;, java.version: &apos;1.8.0_241&apos;&#10;Driver info: org.openqa.selenium.remote.RemoteWebDriver&#10;Capabilities {acceptInsecureCerts: false, browserName: chrome, browserVersion: 79.0.3945.117, chrome: {chromedriverVersion: 79.0.3945.36 (3582db32b3389..., userDataDir: /tmp/.com.google.Chrome.Pbp8fp}, goog:chromeOptions: {debuggerAddress: localhost:46605}, javascriptEnabled: true, networkConnectionEnabled: false, pageLoadStrategy: normal, platform: LINUX, platformName: LINUX, proxy: Proxy(), setWindowRect: true, strictFileInteractability: false, timeouts: {implicit: 0, pageLoad: 300000, script: 30000}, unhandledPromptBehavior: dismiss and notify, webdriver.remote.sessionid: 3b57da4cd82a28593ed4055248e...}&#10;Session ID: 3b57da4cd82a28593ed4055248e5b051&#10;*** Element info: {Using=xpath, value=//a[contains(text(),&apos;Qual Pneu vocÃª precisa?&apos;)]}" type="org.openqa.selenium.NoSuchElementException">org.openqa.selenium.NoSuchElementException: 
no such element: Unable to locate element: {"method":"xpath","selector":"//a[contains(text(),'Qual Pneu vocÃª precisa?')]"}
  (Session info: chrome=79.0.3945.117)
For documentation on this error, please visit: https://www.seleniumhq.org/exceptions/no_such_element.html
Build info: version: '3.141.59', revision: 'e82be7d358', time: '2018-11-14T08:17:03'
System info: host: 'LSPSELB310BNB', ip: '10.0.0.102', os.name: 'Windows 10', os.arch: 'amd64', os.version: '10.0', java.version: '1.8.0_241'
Driver info: org.openqa.selenium.remote.RemoteWebDriver
Capabilities {acceptInsecureCerts: false, browserName: chrome, browserVersion: 79.0.3945.117, chrome: {chromedriverVersion: 79.0.3945.36 (3582db32b3389..., userDataDir: /tmp/.com.google.Chrome.Pbp8fp}, goog:chromeOptions: {debuggerAddress: localhost:46605}, javascriptEnabled: true, networkConnectionEnabled: false, pageLoadStrategy: normal, platform: LINUX, platformName: LINUX, proxy: Proxy(), setWindowRect: true, strictFileInteractability: false, timeouts: {implicit: 0, pageLoad: 300000, script: 30000}, unhandledPromptBehavior: dismiss and notify, webdriver.remote.sessionid: 3b57da4cd82a28593ed4055248e...}
Session ID: 3b57da4cd82a28593ed4055248e5b051
*** Element info: {Using=xpath, value=//a[contains(text(),'Qual Pneu vocÃª precisa?')]}
	at Tests.FluxoCompraTest.fluxoCompletoBoletoItemPorCategoriaNormal(FluxoCompraTest.java:55)
</error>
    <system-err><![CDATA[jan 12, 2021 4:20:55 PM org.openqa.selenium.remote.DesiredCapabilities chrome
INFORMAÇÕES: Using `new ChromeOptions()` is preferred to `DesiredCapabilities.chrome()`
jan 12, 2021 4:20:55 PM org.openqa.selenium.remote.ProtocolHandshake createSession
INFORMAÇÕES: Detected dialect: W3C
]]></system-err>
  </testcase>
  <testcase name="fluxoCompletoBoletoItemPorPesquisaRetira" classname="Tests.FluxoCompraTest" time="4,309.67">
    <error message="cannot forward the request Failed to connect to /172.20.0.2:5555&#10;Build info: version: &apos;3.141.59&apos;, revision: &apos;e82be7d358&apos;, time: &apos;2018-11-14T08:17:03&apos;&#10;System info: host: &apos;LSPSELB310BNB&apos;, ip: &apos;10.0.0.102&apos;, os.name: &apos;Windows 10&apos;, os.arch: &apos;amd64&apos;, os.version: &apos;10.0&apos;, java.version: &apos;1.8.0_241&apos;&#10;Driver info: org.openqa.selenium.remote.RemoteWebDriver&#10;Capabilities {acceptInsecureCerts: false, browserName: chrome, browserVersion: 79.0.3945.117, chrome: {chromedriverVersion: 79.0.3945.36 (3582db32b3389..., userDataDir: /tmp/.com.google.Chrome.PthALT}, goog:chromeOptions: {debuggerAddress: localhost:40859}, javascriptEnabled: true, networkConnectionEnabled: false, pageLoadStrategy: normal, platform: LINUX, platformName: LINUX, proxy: Proxy(), setWindowRect: true, strictFileInteractability: false, timeouts: {implicit: 0, pageLoad: 300000, script: 30000}, unhandledPromptBehavior: dismiss and notify, webdriver.remote.sessionid: f0e1abdc8872f86b5628ea53a2c...}&#10;Session ID: f0e1abdc8872f86b5628ea53a2c538d6" type="org.openqa.selenium.WebDriverException">org.openqa.selenium.WebDriverException: 
cannot forward the request Failed to connect to /172.20.0.2:5555
Build info: version: '3.141.59', revision: 'e82be7d358', time: '2018-11-14T08:17:03'
System info: host: 'LSPSELB310BNB', ip: '10.0.0.102', os.name: 'Windows 10', os.arch: 'amd64', os.version: '10.0', java.version: '1.8.0_241'
Driver info: org.openqa.selenium.remote.RemoteWebDriver
Capabilities {acceptInsecureCerts: false, browserName: chrome, browserVersion: 79.0.3945.117, chrome: {chromedriverVersion: 79.0.3945.36 (3582db32b3389..., userDataDir: /tmp/.com.google.Chrome.PthALT}, goog:chromeOptions: {debuggerAddress: localhost:40859}, javascriptEnabled: true, networkConnectionEnabled: false, pageLoadStrategy: normal, platform: LINUX, platformName: LINUX, proxy: Proxy(), setWindowRect: true, strictFileInteractability: false, timeouts: {implicit: 0, pageLoad: 300000, script: 30000}, unhandledPromptBehavior: dismiss and notify, webdriver.remote.sessionid: f0e1abdc8872f86b5628ea53a2c...}
Session ID: f0e1abdc8872f86b5628ea53a2c538d6
	at Tests.FluxoCompraTest.fluxoCompletoBoletoItemPorPesquisaRetira(FluxoCompraTest.java:106)
</error>
    <system-err><![CDATA[jan 12, 2021 4:22:09 PM org.openqa.selenium.remote.DesiredCapabilities chrome
INFORMAÇÕES: Using `new ChromeOptions()` is preferred to `DesiredCapabilities.chrome()`
jan 12, 2021 4:22:15 PM org.openqa.selenium.remote.ProtocolHandshake createSession
INFORMAÇÕES: Detected dialect: W3C
]]></system-err>
  </testcase>
  <testcase name="fluxoCompletoBoletoItemPorPesquisaRetira" classname="Tests.FluxoCompraTest" time="0">
    <error message="Session [f0e1abdc8872f86b5628ea53a2c538d6] was terminated due to FORWARDING_TO_NODE_FAILED&#10;Build info: version: &apos;3.141.59&apos;, revision: &apos;e82be7d358&apos;, time: &apos;2018-11-14T08:17:03&apos;&#10;System info: host: &apos;LSPSELB310BNB&apos;, ip: &apos;10.0.0.102&apos;, os.name: &apos;Windows 10&apos;, os.arch: &apos;amd64&apos;, os.version: &apos;10.0&apos;, java.version: &apos;1.8.0_241&apos;&#10;Driver info: org.openqa.selenium.remote.RemoteWebDriver&#10;Capabilities {acceptInsecureCerts: false, browserName: chrome, browserVersion: 79.0.3945.117, chrome: {chromedriverVersion: 79.0.3945.36 (3582db32b3389..., userDataDir: /tmp/.com.google.Chrome.PthALT}, goog:chromeOptions: {debuggerAddress: localhost:40859}, javascriptEnabled: true, networkConnectionEnabled: false, pageLoadStrategy: normal, platform: LINUX, platformName: LINUX, proxy: Proxy(), setWindowRect: true, strictFileInteractability: false, timeouts: {implicit: 0, pageLoad: 300000, script: 30000}, unhandledPromptBehavior: dismiss and notify, webdriver.remote.sessionid: f0e1abdc8872f86b5628ea53a2c...}&#10;Session ID: f0e1abdc8872f86b5628ea53a2c538d6" type="org.openqa.selenium.WebDriverException">org.openqa.selenium.WebDriverException: 
Session [f0e1abdc8872f86b5628ea53a2c538d6] was terminated due to FORWARDING_TO_NODE_FAILED
Build info: version: '3.141.59', revision: 'e82be7d358', time: '2018-11-14T08:17:03'
System info: host: 'LSPSELB310BNB', ip: '10.0.0.102', os.name: 'Windows 10', os.arch: 'amd64', os.version: '10.0', java.version: '1.8.0_241'
Driver info: org.openqa.selenium.remote.RemoteWebDriver
Capabilities {acceptInsecureCerts: false, browserName: chrome, browserVersion: 79.0.3945.117, chrome: {chromedriverVersion: 79.0.3945.36 (3582db32b3389..., userDataDir: /tmp/.com.google.Chrome.PthALT}, goog:chromeOptions: {debuggerAddress: localhost:40859}, javascriptEnabled: true, networkConnectionEnabled: false, pageLoadStrategy: normal, platform: LINUX, platformName: LINUX, proxy: Proxy(), setWindowRect: true, strictFileInteractability: false, timeouts: {implicit: 0, pageLoad: 300000, script: 30000}, unhandledPromptBehavior: dismiss and notify, webdriver.remote.sessionid: f0e1abdc8872f86b5628ea53a2c...}
Session ID: f0e1abdc8872f86b5628ea53a2c538d6
</error>
  </testcase>
  <testcase name="fluxoCompletoBoletoItemPorPesquisaNormal" classname="Tests.FluxoCompraTest" time="83.402">
    <error message="element click intercepted: Element &lt;div role=&quot;group&quot; class=&quot;flex-grow&quot;&gt;...&lt;/div&gt; is not clickable at point (469, 676). Other element would receive the click: &lt;div class=&quot;loading&quot;&gt;...&lt;/div&gt;&#10;  (Session info: chrome=79.0.3945.117)&#10;Build info: version: &apos;3.141.59&apos;, revision: &apos;e82be7d358&apos;, time: &apos;2018-11-14T08:17:03&apos;&#10;System info: host: &apos;LSPSELB310BNB&apos;, ip: &apos;10.0.0.102&apos;, os.name: &apos;Windows 10&apos;, os.arch: &apos;amd64&apos;, os.version: &apos;10.0&apos;, java.version: &apos;1.8.0_241&apos;&#10;Driver info: org.openqa.selenium.remote.RemoteWebDriver&#10;Capabilities {acceptInsecureCerts: false, browserName: chrome, browserVersion: 79.0.3945.117, chrome: {chromedriverVersion: 79.0.3945.36 (3582db32b3389..., userDataDir: /tmp/.com.google.Chrome.kC9tM0}, goog:chromeOptions: {debuggerAddress: localhost:33909}, javascriptEnabled: true, networkConnectionEnabled: false, pageLoadStrategy: normal, platform: LINUX, platformName: LINUX, proxy: Proxy(), setWindowRect: true, strictFileInteractability: false, timeouts: {implicit: 0, pageLoad: 300000, script: 30000}, unhandledPromptBehavior: dismiss and notify, webdriver.remote.sessionid: 0f50bc9905d69e72da522464934...}&#10;Session ID: 0f50bc9905d69e72da52246493464edd" type="org.openqa.selenium.ElementClickInterceptedException"><![CDATA[org.openqa.selenium.ElementClickInterceptedException: 
element click intercepted: Element <div role="group" class="flex-grow">...</div> is not clickable at point (469, 676). Other element would receive the click: <div class="loading">...</div>
  (Session info: chrome=79.0.3945.117)
Build info: version: '3.141.59', revision: 'e82be7d358', time: '2018-11-14T08:17:03'
System info: host: 'LSPSELB310BNB', ip: '10.0.0.102', os.name: 'Windows 10', os.arch: 'amd64', os.version: '10.0', java.version: '1.8.0_241'
Driver info: org.openqa.selenium.remote.RemoteWebDriver
Capabilities {acceptInsecureCerts: false, browserName: chrome, browserVersion: 79.0.3945.117, chrome: {chromedriverVersion: 79.0.3945.36 (3582db32b3389..., userDataDir: /tmp/.com.google.Chrome.kC9tM0}, goog:chromeOptions: {debuggerAddress: localhost:33909}, javascriptEnabled: true, networkConnectionEnabled: false, pageLoadStrategy: normal, platform: LINUX, platformName: LINUX, proxy: Proxy(), setWindowRect: true, strictFileInteractability: false, timeouts: {implicit: 0, pageLoad: 300000, script: 30000}, unhandledPromptBehavior: dismiss and notify, webdriver.remote.sessionid: 0f50bc9905d69e72da522464934...}
Session ID: 0f50bc9905d69e72da52246493464edd
	at Tests.FluxoCompraTest.fluxoCompletoBoletoItemPorPesquisaNormal(FluxoCompraTest.java:45)
]]></error>
    <system-err><![CDATA[jan 12, 2021 4:21:00 PM org.openqa.selenium.remote.DesiredCapabilities chrome
INFORMAÇÕES: Using `new ChromeOptions()` is preferred to `DesiredCapabilities.chrome()`
jan 12, 2021 4:21:01 PM org.openqa.selenium.remote.ProtocolHandshake createSession
INFORMAÇÕES: Detected dialect: W3C
]]></system-err>
  </testcase>
</testsuite>