<?xml version="1.0" encoding="UTF-8"?>
<testsuite xmlns:xsi="http://www.w3.org/2001/XMLSchema-instance" xsi:noNamespaceSchemaLocation="https://maven.apache.org/surefire/maven-surefire-plugin/xsd/surefire-test-report.xsd" name="Tests.BuscarTest" time="101.091" tests="4" errors="1" skipped="0" failures="3">
  <properties>
[...]
</properties>
  <testcase name="testBuscarPorItemFarroad" classname="Tests.BuscarTest" time="31.341">
    <failure message="expected:&lt;R$ 5[24,32]&gt; but was:&lt;R$ 5[02,56]&gt;" type="org.junit.ComparisonFailure"><![CDATA[org.junit.ComparisonFailure: expected:<R$ 5[24,32]> but was:<R$ 5[02,56]>
	at Tests.BuscarTest.testBuscarPorItemFarroad(BuscarTest.java:59)
]]></failure>
    <system-err><![CDATA[jan 12, 2021 4:21:01 PM org.openqa.selenium.remote.DesiredCapabilities chrome
INFORMAÇÕES: Using `new ChromeOptions()` is preferred to `DesiredCapabilities.chrome()`
jan 12, 2021 4:21:11 PM org.openqa.selenium.remote.ProtocolHandshake createSession
INFORMAÇÕES: Detected dialect: W3C
]]></system-err>
  </testcase>
  <testcase name="testBuscarPorItemContinental" classname="Tests.BuscarTest" time="9.003">
    <failure message="expected:&lt;R$ 4[4]9,90&gt; but was:&lt;R$ 4[9]9,90&gt;" type="org.junit.ComparisonFailure"><![CDATA[org.junit.ComparisonFailure: expected:<R$ 4[4]9,90> but was:<R$ 4[9]9,90>
	at Tests.BuscarTest.testBuscarPorItemContinental(BuscarTest.java:42)
]]></failure>
    <system-err><![CDATA[jan 12, 2021 4:20:48 PM org.openqa.selenium.remote.DesiredCapabilities chrome
INFORMAÇÕES: Using `new ChromeOptions()` is preferred to `DesiredCapabilities.chrome()`
jan 12, 2021 4:20:48 PM org.openqa.selenium.remote.ProtocolHandshake createSession
INFORMAÇÕES: Detected dialect: W3C
]]></system-err>
  </testcase>
  <testcase name="testBuscarPorItemPirelli" classname="Tests.BuscarTest" time="101.09">
    <error message="Expected condition failed: waiting for element to be clickable: By.xpath: //div[3]/a/h2 (tried for 10 second(s) with 500 milliseconds interval)" type="org.openqa.selenium.TimeoutException">org.openqa.selenium.TimeoutException: Expected condition failed: waiting for element to be clickable: By.xpath: //div[3]/a/h2 (tried for 10 second(s) with 500 milliseconds interval)
	at Tests.BuscarTest.testBuscarPorItemPirelli(BuscarTest.java:25)
Caused by: org.openqa.selenium.NoSuchElementException: 
no such element: Unable to locate element: {"method":"xpath","selector":"//div[3]/a/h2"}
  (Session info: chrome=79.0.3945.117)
For documentation on this error, please visit: https://www.seleniumhq.org/exceptions/no_such_element.html
Build info: version: '3.141.59', revision: 'e82be7d358', time: '2018-11-14T08:17:03'
System info: host: 'LSPSELB310BNB', ip: '10.0.0.102', os.name: 'Windows 10', os.arch: 'amd64', os.version: '10.0', java.version: '1.8.0_241'
Driver info: org.openqa.selenium.remote.RemoteWebDriver
Capabilities {acceptInsecureCerts: false, browserName: chrome, browserVersion: 79.0.3945.117, chrome: {chromedriverVersion: 79.0.3945.36 (3582db32b3389..., userDataDir: /tmp/.com.google.Chrome.MYwBFk}, goog:chromeOptions: {debuggerAddress: localhost:45569}, javascriptEnabled: true, networkConnectionEnabled: false, pageLoadStrategy: normal, platform: LINUX, platformName: LINUX, proxy: Proxy(), setWindowRect: true, strictFileInteractability: false, timeouts: {implicit: 0, pageLoad: 300000, script: 30000}, unhandledPromptBehavior: dismiss and notify, webdriver.remote.sessionid: 28cc7507c538ecf4a2424e8448b...}
Session ID: 28cc7507c538ecf4a2424e8448b11bb2
*** Element info: {Using=xpath, value=//div[3]/a/h2}
	at Tests.BuscarTest.testBuscarPorItemPirelli(BuscarTest.java:25)
</error>
    <system-err><![CDATA[jan 12, 2021 4:22:04 PM org.openqa.selenium.remote.DesiredCapabilities chrome
INFORMAÇÕES: Using `new ChromeOptions()` is preferred to `DesiredCapabilities.chrome()`
jan 12, 2021 4:22:09 PM org.openqa.selenium.remote.ProtocolHandshake createSession
INFORMAÇÕES: Detected dialect: W3C
]]></system-err>
  </testcase>
  <testcase name="testBuscarPorItemAptany" classname="Tests.BuscarTest" time="8.822">
    <failure message="expected:&lt;R$ 3[74,90]&gt; but was:&lt;R$ 3[54,16]&gt;" type="org.junit.ComparisonFailure"><![CDATA[org.junit.ComparisonFailure: expected:<R$ 3[74,90]> but was:<R$ 3[54,16]>
	at Tests.BuscarTest.testBuscarPorItemAptany(BuscarTest.java:76)
]]></failure>
    <system-err><![CDATA[jan 12, 2021 4:20:46 PM org.openqa.selenium.remote.DesiredCapabilities chrome
INFORMAÇÕES: Using `new ChromeOptions()` is preferred to `DesiredCapabilities.chrome()`
jan 12, 2021 4:20:48 PM org.openqa.selenium.remote.ProtocolHandshake createSession
INFORMAÇÕES: Detected dialect: W3C
]]></system-err>
  </testcase>
</testsuite>