<?xml version="1.0" encoding="UTF-8"?>
<testsuite xmlns:xsi="http://www.w3.org/2001/XMLSchema-instance" xsi:noNamespaceSchemaLocation="https://maven.apache.org/surefire/maven-surefire-plugin/xsd/surefire-test-report.xsd" name="SuiteDeTestes.SuiteDeTestes" time="232.309" tests="17" errors="9" skipped="0" failures="4">
  <properties>
[...]
</properties>
  <testcase name="fazerCadastro" classname="Tests.CadastroTest" time="24.463">
    <failure message="expected:&lt;Ol[Ã¡] Cliente!&gt; but was:&lt;Ol[á] Cliente!&gt;" type="org.junit.ComparisonFailure"><![CDATA[org.junit.ComparisonFailure: expected:<Ol[Ã¡] Cliente!> but was:<Ol[á] Cliente!>
	at Tests.CadastroTest.fazerCadastro(CadastroTest.java:26)
]]></failure>
    <system-out><![CDATA[316.102.841-43
FFMFwoVgteste@gmail.com
]]></system-out>
    <system-err><![CDATA[jan 14, 2021 12:05:34 PM org.openqa.selenium.remote.DesiredCapabilities chrome
INFORMAÇÕES: Using `new ChromeOptions()` is preferred to `DesiredCapabilities.chrome()`
jan 14, 2021 12:05:39 PM org.openqa.selenium.remote.ProtocolHandshake createSession
INFORMAÇÕES: Detected dialect: W3C
]]></system-err>
  </testcase>
  <testcase name="testBuscarPorItemFarroad" classname="Tests.BuscarTest" time="14.865">
    <failure message="expected:&lt;R$ 502,56[Ã  vista no cartÃ£o de dÃ©]bito&gt; but was:&lt;R$ 502,56[à vista no cartão de dé]bito&gt;" type="org.junit.ComparisonFailure"><![CDATA[org.junit.ComparisonFailure: expected:<R$ 502,56[Ã  vista no cartÃ£o de dÃ©]bito> but was:<R$ 502,56[à vista no cartão de dé]bito>
	at Tests.BuscarTest.testBuscarPorItemFarroad(BuscarTest.java:62)
]]></failure>
    <system-err><![CDATA[jan 14, 2021 12:05:59 PM org.openqa.selenium.remote.DesiredCapabilities chrome
INFORMAÇÕES: Using `new ChromeOptions()` is preferred to `DesiredCapabilities.chrome()`
jan 14, 2021 12:05:59 PM org.openqa.selenium.remote.ProtocolHandshake createSession
INFORMAÇÕES: Detected dialect: W3C
]]></system-err>
  </testcase>
  <testcase name="testBuscarPorItemPirelli" classname="Tests.BuscarTest" time="20.453">
    <error message="Expected condition failed: waiting for element to be clickable: By.xpath: //div[3]/a/h2 (tried for 10 second(s) with 500 milliseconds interval)" type="org.openqa.selenium.TimeoutException">org.openqa.selenium.TimeoutException: Expected condition failed: waiting for element to be clickable: By.xpath: //div[3]/a/h2 (tried for 10 second(s) with 500 milliseconds interval)
	at Tests.BuscarTest.testBuscarPorItemPirelli(BuscarTest.java:25)
Caused by: org.openqa.selenium.NoSuchElementException: 
no such element: Unable to locate element: {"method":"xpath","selector":"//div[3]/a/h2"}
  (Session info: chrome=79.0.3945.117)
For documentation on this error, please visit: https://www.seleniumhq.org/exceptions/no_such_element.html
Build info: version: '3.141.59', revision: 'e82be7d358', time: '2018-11-14T08:17:03'
System info: host: 'LSPSELB310BNB', ip: '10.0.0.102', os.name: 'Windows 10', os.arch: 'amd64', os.version: '10.0', java.version: '1.8.0_241'
Driver info: org.openqa.selenium.remote.RemoteWebDriver
Capabilities {acceptInsecureCerts: false, browserName: chrome, browserVersion: 79.0.3945.117, chrome: {chromedriverVersion: 79.0.3945.36 (3582db32b3389..., userDataDir: /tmp/.com.google.Chrome.w4xJqh}, goog:chromeOptions: {debuggerAddress: localhost:39287}, javascriptEnabled: true, networkConnectionEnabled: false, pageLoadStrategy: normal, platform: LINUX, platformName: LINUX, proxy: Proxy(), setWindowRect: true, strictFileInteractability: false, timeouts: {implicit: 0, pageLoad: 300000, script: 30000}, unhandledPromptBehavior: dismiss and notify, webdriver.remote.sessionid: 041c0448c8d9fdcbf3352d5446a...}
Session ID: 041c0448c8d9fdcbf3352d5446a84bae
*** Element info: {Using=xpath, value=//div[3]/a/h2}
	at Tests.BuscarTest.testBuscarPorItemPirelli(BuscarTest.java:25)
</error>
    <system-err><![CDATA[jan 14, 2021 12:06:13 PM org.openqa.selenium.remote.DesiredCapabilities chrome
INFORMAÇÕES: Using `new ChromeOptions()` is preferred to `DesiredCapabilities.chrome()`
jan 14, 2021 12:06:14 PM org.openqa.selenium.remote.ProtocolHandshake createSession
INFORMAÇÕES: Detected dialect: W3C
]]></system-err>
  </testcase>
  <testcase name="testBuscarPorItemAptany" classname="Tests.BuscarTest" time="15.091">
    <failure message="expected:&lt;R$ 354,16[Ã  vista no cartÃ£o de dÃ©]bito&gt; but was:&lt;R$ 354,16[à vista no cartão de dé]bito&gt;" type="org.junit.ComparisonFailure"><![CDATA[org.junit.ComparisonFailure: expected:<R$ 354,16[Ã  vista no cartÃ£o de dÃ©]bito> but was:<R$ 354,16[à vista no cartão de dé]bito>
	at Tests.BuscarTest.testBuscarPorItemAptany(BuscarTest.java:79)
]]></failure>
    <system-err><![CDATA[jan 14, 2021 12:06:34 PM org.openqa.selenium.remote.DesiredCapabilities chrome
INFORMAÇÕES: Using `new ChromeOptions()` is preferred to `DesiredCapabilities.chrome()`
jan 14, 2021 12:06:35 PM org.openqa.selenium.remote.ProtocolHandshake createSession
INFORMAÇÕES: Detected dialect: W3C
]]></system-err>
  </testcase>
  <testcase name="testBuscarPorItemContinental" classname="Tests.BuscarTest" time="14.59">
    <failure message="expected:&lt;R$ 499,90[Ã  vista no cartÃ£o de dÃ©]bito&gt; but was:&lt;R$ 499,90[à vista no cartão de dé]bito&gt;" type="org.junit.ComparisonFailure"><![CDATA[org.junit.ComparisonFailure: expected:<R$ 499,90[Ã  vista no cartÃ£o de dÃ©]bito> but was:<R$ 499,90[à vista no cartão de dé]bito>
	at Tests.BuscarTest.testBuscarPorItemContinental(BuscarTest.java:45)
]]></failure>
    <system-err><![CDATA[jan 14, 2021 12:06:49 PM org.openqa.selenium.remote.DesiredCapabilities chrome
INFORMAÇÕES: Using `new ChromeOptions()` is preferred to `DesiredCapabilities.chrome()`
jan 14, 2021 12:06:50 PM org.openqa.selenium.remote.ProtocolHandshake createSession
INFORMAÇÕES: Detected dialect: W3C
]]></system-err>
  </testcase>
  <testcase name="buscaPorVeiculo" classname="Tests.BuscaPorMedidaTest" time="39.685"/>
  <testcase name="buscaPorPlaca" classname="Tests.BuscaPorMedidaTest" time="17.902"/>
  <testcase name="buscaPorMedidaComRunFlat" classname="Tests.BuscaPorMedidaTest" time="16.679"/>
  <testcase name="buscaPorMedidaSemRunFlat" classname="Tests.BuscaPorMedidaTest" time="16.017"/>
  <testcase name="fluxoCompletoBoletoItemPorPesquisaNormal" classname="Tests.FluxoCompraTest" time="52.276">
    <error message="unknown error: session deleted because of page crash&#10;from tab crashed&#10;  (Session info: chrome=79.0.3945.117)&#10;Build info: version: &apos;3.141.59&apos;, revision: &apos;e82be7d358&apos;, time: &apos;2018-11-14T08:17:03&apos;&#10;System info: host: &apos;LSPSELB310BNB&apos;, ip: &apos;10.0.0.102&apos;, os.name: &apos;Windows 10&apos;, os.arch: &apos;amd64&apos;, os.version: &apos;10.0&apos;, java.version: &apos;1.8.0_241&apos;&#10;Driver info: org.openqa.selenium.remote.RemoteWebDriver&#10;Capabilities {acceptInsecureCerts: false, browserName: chrome, browserVersion: 79.0.3945.117, chrome: {chromedriverVersion: 79.0.3945.36 (3582db32b3389..., userDataDir: /tmp/.com.google.Chrome.afzJgM}, goog:chromeOptions: {debuggerAddress: localhost:33973}, javascriptEnabled: true, networkConnectionEnabled: false, pageLoadStrategy: normal, platform: LINUX, platformName: LINUX, proxy: Proxy(), setWindowRect: true, strictFileInteractability: false, timeouts: {implicit: 0, pageLoad: 300000, script: 30000}, unhandledPromptBehavior: dismiss and notify, webdriver.remote.sessionid: ddcf545084c4c31756866caed77...}&#10;Session ID: ddcf545084c4c31756866caed7756d54" type="org.openqa.selenium.WebDriverException">org.openqa.selenium.WebDriverException: 
unknown error: session deleted because of page crash
from tab crashed
  (Session info: chrome=79.0.3945.117)
Build info: version: '3.141.59', revision: 'e82be7d358', time: '2018-11-14T08:17:03'
System info: host: 'LSPSELB310BNB', ip: '10.0.0.102', os.name: 'Windows 10', os.arch: 'amd64', os.version: '10.0', java.version: '1.8.0_241'
Driver info: org.openqa.selenium.remote.RemoteWebDriver
Capabilities {acceptInsecureCerts: false, browserName: chrome, browserVersion: 79.0.3945.117, chrome: {chromedriverVersion: 79.0.3945.36 (3582db32b3389..., userDataDir: /tmp/.com.google.Chrome.afzJgM}, goog:chromeOptions: {debuggerAddress: localhost:33973}, javascriptEnabled: true, networkConnectionEnabled: false, pageLoadStrategy: normal, platform: LINUX, platformName: LINUX, proxy: Proxy(), setWindowRect: true, strictFileInteractability: false, timeouts: {implicit: 0, pageLoad: 300000, script: 30000}, unhandledPromptBehavior: dismiss and notify, webdriver.remote.sessionid: ddcf545084c4c31756866caed77...}
Session ID: ddcf545084c4c31756866caed7756d54
	at Tests.FluxoCompraTest.fluxoCompletoBoletoItemPorPesquisaNormal(FluxoCompraTest.java:39)
</error>
    <system-err><![CDATA[jan 14, 2021 12:08:34 PM org.openqa.selenium.remote.DesiredCapabilities chrome
INFORMAÇÕES: Using `new ChromeOptions()` is preferred to `DesiredCapabilities.chrome()`
jan 14, 2021 12:08:35 PM org.openqa.selenium.remote.ProtocolHandshake createSession
INFORMAÇÕES: Detected dialect: W3C
]]></system-err>
  </testcase>
  <testcase name="fluxoCompletoBoletoItemPorPesquisaNormal" classname="Tests.FluxoCompraTest" time="52.276">
    <error message="invalid session id&#10;Build info: version: &apos;3.141.59&apos;, revision: &apos;e82be7d358&apos;, time: &apos;2018-11-14T08:17:03&apos;&#10;System info: host: &apos;LSPSELB310BNB&apos;, ip: &apos;10.0.0.102&apos;, os.name: &apos;Windows 10&apos;, os.arch: &apos;amd64&apos;, os.version: &apos;10.0&apos;, java.version: &apos;1.8.0_241&apos;&#10;Driver info: org.openqa.selenium.remote.RemoteWebDriver&#10;Capabilities {acceptInsecureCerts: false, browserName: chrome, browserVersion: 79.0.3945.117, chrome: {chromedriverVersion: 79.0.3945.36 (3582db32b3389..., userDataDir: /tmp/.com.google.Chrome.afzJgM}, goog:chromeOptions: {debuggerAddress: localhost:33973}, javascriptEnabled: true, networkConnectionEnabled: false, pageLoadStrategy: normal, platform: LINUX, platformName: LINUX, proxy: Proxy(), setWindowRect: true, strictFileInteractability: false, timeouts: {implicit: 0, pageLoad: 300000, script: 30000}, unhandledPromptBehavior: dismiss and notify, webdriver.remote.sessionid: ddcf545084c4c31756866caed77...}&#10;Session ID: ddcf545084c4c31756866caed7756d54" type="org.openqa.selenium.NoSuchSessionException">org.openqa.selenium.NoSuchSessionException: 
invalid session id
Build info: version: '3.141.59', revision: 'e82be7d358', time: '2018-11-14T08:17:03'
System info: host: 'LSPSELB310BNB', ip: '10.0.0.102', os.name: 'Windows 10', os.arch: 'amd64', os.version: '10.0', java.version: '1.8.0_241'
Driver info: org.openqa.selenium.remote.RemoteWebDriver
Capabilities {acceptInsecureCerts: false, browserName: chrome, browserVersion: 79.0.3945.117, chrome: {chromedriverVersion: 79.0.3945.36 (3582db32b3389..., userDataDir: /tmp/.com.google.Chrome.afzJgM}, goog:chromeOptions: {debuggerAddress: localhost:33973}, javascriptEnabled: true, networkConnectionEnabled: false, pageLoadStrategy: normal, platform: LINUX, platformName: LINUX, proxy: Proxy(), setWindowRect: true, strictFileInteractability: false, timeouts: {implicit: 0, pageLoad: 300000, script: 30000}, unhandledPromptBehavior: dismiss and notify, webdriver.remote.sessionid: ddcf545084c4c31756866caed77...}
Session ID: ddcf545084c4c31756866caed7756d54
</error>
  </testcase>
  <testcase name="fluxoCompletoBoletoItemPorPesquisaRetira" classname="Tests.FluxoCompraTest" time="0.034">
    <error message="Session [ddcf545084c4c31756866caed7756d54] was terminated due to BROWSER_TIMEOUT&#10;Build info: version: &apos;3.141.59&apos;, revision: &apos;e82be7d358&apos;, time: &apos;2018-11-14T08:17:03&apos;&#10;System info: host: &apos;LSPSELB310BNB&apos;, ip: &apos;10.0.0.102&apos;, os.name: &apos;Windows 10&apos;, os.arch: &apos;amd64&apos;, os.version: &apos;10.0&apos;, java.version: &apos;1.8.0_241&apos;&#10;Driver info: org.openqa.selenium.remote.RemoteWebDriver&#10;Capabilities {acceptInsecureCerts: false, browserName: chrome, browserVersion: 79.0.3945.117, chrome: {chromedriverVersion: 79.0.3945.36 (3582db32b3389..., userDataDir: /tmp/.com.google.Chrome.afzJgM}, goog:chromeOptions: {debuggerAddress: localhost:33973}, javascriptEnabled: true, networkConnectionEnabled: false, pageLoadStrategy: normal, platform: LINUX, platformName: LINUX, proxy: Proxy(), setWindowRect: true, strictFileInteractability: false, timeouts: {implicit: 0, pageLoad: 300000, script: 30000}, unhandledPromptBehavior: dismiss and notify, webdriver.remote.sessionid: ddcf545084c4c31756866caed77...}&#10;Session ID: ddcf545084c4c31756866caed7756d54" type="org.openqa.selenium.WebDriverException">org.openqa.selenium.WebDriverException: 
Session [ddcf545084c4c31756866caed7756d54] was terminated due to BROWSER_TIMEOUT
Build info: version: '3.141.59', revision: 'e82be7d358', time: '2018-11-14T08:17:03'
System info: host: 'LSPSELB310BNB', ip: '10.0.0.102', os.name: 'Windows 10', os.arch: 'amd64', os.version: '10.0', java.version: '1.8.0_241'
Driver info: org.openqa.selenium.remote.RemoteWebDriver
Capabilities {acceptInsecureCerts: false, browserName: chrome, browserVersion: 79.0.3945.117, chrome: {chromedriverVersion: 79.0.3945.36 (3582db32b3389..., userDataDir: /tmp/.com.google.Chrome.afzJgM}, goog:chromeOptions: {debuggerAddress: localhost:33973}, javascriptEnabled: true, networkConnectionEnabled: false, pageLoadStrategy: normal, platform: LINUX, platformName: LINUX, proxy: Proxy(), setWindowRect: true, strictFileInteractability: false, timeouts: {implicit: 0, pageLoad: 300000, script: 30000}, unhandledPromptBehavior: dismiss and notify, webdriver.remote.sessionid: ddcf545084c4c31756866caed77...}
Session ID: ddcf545084c4c31756866caed7756d54
</error>
  </testcase>
  <testcase name="fluxoCompletoBoletoItemPorPesquisaRetira" classname="Tests.FluxoCompraTest" time="0.035">
    <error message="Session [ddcf545084c4c31756866caed7756d54] was terminated due to BROWSER_TIMEOUT&#10;Build info: version: &apos;3.141.59&apos;, revision: &apos;e82be7d358&apos;, time: &apos;2018-11-14T08:17:03&apos;&#10;System info: host: &apos;LSPSELB310BNB&apos;, ip: &apos;10.0.0.102&apos;, os.name: &apos;Windows 10&apos;, os.arch: &apos;amd64&apos;, os.version: &apos;10.0&apos;, java.version: &apos;1.8.0_241&apos;&#10;Driver info: org.openqa.selenium.remote.RemoteWebDriver&#10;Capabilities {acceptInsecureCerts: false, browserName: chrome, browserVersion: 79.0.3945.117, chrome: {chromedriverVersion: 79.0.3945.36 (3582db32b3389..., userDataDir: /tmp/.com.google.Chrome.afzJgM}, goog:chromeOptions: {debuggerAddress: localhost:33973}, javascriptEnabled: true, networkConnectionEnabled: false, pageLoadStrategy: normal, platform: LINUX, platformName: LINUX, proxy: Proxy(), setWindowRect: true, strictFileInteractability: false, timeouts: {implicit: 0, pageLoad: 300000, script: 30000}, unhandledPromptBehavior: dismiss and notify, webdriver.remote.sessionid: ddcf545084c4c31756866caed77...}&#10;Session ID: ddcf545084c4c31756866caed7756d54" type="org.openqa.selenium.WebDriverException">org.openqa.selenium.WebDriverException: 
Session [ddcf545084c4c31756866caed7756d54] was terminated due to BROWSER_TIMEOUT
Build info: version: '3.141.59', revision: 'e82be7d358', time: '2018-11-14T08:17:03'
System info: host: 'LSPSELB310BNB', ip: '10.0.0.102', os.name: 'Windows 10', os.arch: 'amd64', os.version: '10.0', java.version: '1.8.0_241'
Driver info: org.openqa.selenium.remote.RemoteWebDriver
Capabilities {acceptInsecureCerts: false, browserName: chrome, browserVersion: 79.0.3945.117, chrome: {chromedriverVersion: 79.0.3945.36 (3582db32b3389..., userDataDir: /tmp/.com.google.Chrome.afzJgM}, goog:chromeOptions: {debuggerAddress: localhost:33973}, javascriptEnabled: true, networkConnectionEnabled: false, pageLoadStrategy: normal, platform: LINUX, platformName: LINUX, proxy: Proxy(), setWindowRect: true, strictFileInteractability: false, timeouts: {implicit: 0, pageLoad: 300000, script: 30000}, unhandledPromptBehavior: dismiss and notify, webdriver.remote.sessionid: ddcf545084c4c31756866caed77...}
Session ID: ddcf545084c4c31756866caed7756d54
</error>
  </testcase>
  <testcase name="fluxoCompletoBoletoItemPorCategoriaNormal" classname="Tests.FluxoCompraTest" time="0.044">
    <error message="Session [ddcf545084c4c31756866caed7756d54] was terminated due to BROWSER_TIMEOUT&#10;Build info: version: &apos;3.141.59&apos;, revision: &apos;e82be7d358&apos;, time: &apos;2018-11-14T08:17:03&apos;&#10;System info: host: &apos;LSPSELB310BNB&apos;, ip: &apos;10.0.0.102&apos;, os.name: &apos;Windows 10&apos;, os.arch: &apos;amd64&apos;, os.version: &apos;10.0&apos;, java.version: &apos;1.8.0_241&apos;&#10;Driver info: org.openqa.selenium.remote.RemoteWebDriver&#10;Capabilities {acceptInsecureCerts: false, browserName: chrome, browserVersion: 79.0.3945.117, chrome: {chromedriverVersion: 79.0.3945.36 (3582db32b3389..., userDataDir: /tmp/.com.google.Chrome.afzJgM}, goog:chromeOptions: {debuggerAddress: localhost:33973}, javascriptEnabled: true, networkConnectionEnabled: false, pageLoadStrategy: normal, platform: LINUX, platformName: LINUX, proxy: Proxy(), setWindowRect: true, strictFileInteractability: false, timeouts: {implicit: 0, pageLoad: 300000, script: 30000}, unhandledPromptBehavior: dismiss and notify, webdriver.remote.sessionid: ddcf545084c4c31756866caed77...}&#10;Session ID: ddcf545084c4c31756866caed7756d54" type="org.openqa.selenium.WebDriverException">org.openqa.selenium.WebDriverException: 
Session [ddcf545084c4c31756866caed7756d54] was terminated due to BROWSER_TIMEOUT
Build info: version: '3.141.59', revision: 'e82be7d358', time: '2018-11-14T08:17:03'
System info: host: 'LSPSELB310BNB', ip: '10.0.0.102', os.name: 'Windows 10', os.arch: 'amd64', os.version: '10.0', java.version: '1.8.0_241'
Driver info: org.openqa.selenium.remote.RemoteWebDriver
Capabilities {acceptInsecureCerts: false, browserName: chrome, browserVersion: 79.0.3945.117, chrome: {chromedriverVersion: 79.0.3945.36 (3582db32b3389..., userDataDir: /tmp/.com.google.Chrome.afzJgM}, goog:chromeOptions: {debuggerAddress: localhost:33973}, javascriptEnabled: true, networkConnectionEnabled: false, pageLoadStrategy: normal, platform: LINUX, platformName: LINUX, proxy: Proxy(), setWindowRect: true, strictFileInteractability: false, timeouts: {implicit: 0, pageLoad: 300000, script: 30000}, unhandledPromptBehavior: dismiss and notify, webdriver.remote.sessionid: ddcf545084c4c31756866caed77...}
Session ID: ddcf545084c4c31756866caed7756d54
</error>
  </testcase>
  <testcase name="fluxoCompletoBoletoItemPorCategoriaNormal" classname="Tests.FluxoCompraTest" time="0.045">
    <error message="Session [ddcf545084c4c31756866caed7756d54] was terminated due to BROWSER_TIMEOUT&#10;Build info: version: &apos;3.141.59&apos;, revision: &apos;e82be7d358&apos;, time: &apos;2018-11-14T08:17:03&apos;&#10;System info: host: &apos;LSPSELB310BNB&apos;, ip: &apos;10.0.0.102&apos;, os.name: &apos;Windows 10&apos;, os.arch: &apos;amd64&apos;, os.version: &apos;10.0&apos;, java.version: &apos;1.8.0_241&apos;&#10;Driver info: org.openqa.selenium.remote.RemoteWebDriver&#10;Capabilities {acceptInsecureCerts: false, browserName: chrome, browserVersion: 79.0.3945.117, chrome: {chromedriverVersion: 79.0.3945.36 (3582db32b3389..., userDataDir: /tmp/.com.google.Chrome.afzJgM}, goog:chromeOptions: {debuggerAddress: localhost:33973}, javascriptEnabled: true, networkConnectionEnabled: false, pageLoadStrategy: normal, platform: LINUX, platformName: LINUX, proxy: Proxy(), setWindowRect: true, strictFileInteractability: false, timeouts: {implicit: 0, pageLoad: 300000, script: 30000}, unhandledPromptBehavior: dismiss and notify, webdriver.remote.sessionid: ddcf545084c4c31756866caed77...}&#10;Session ID: ddcf545084c4c31756866caed7756d54" type="org.openqa.selenium.WebDriverException">org.openqa.selenium.WebDriverException: 
Session [ddcf545084c4c31756866caed7756d54] was terminated due to BROWSER_TIMEOUT
Build info: version: '3.141.59', revision: 'e82be7d358', time: '2018-11-14T08:17:03'
System info: host: 'LSPSELB310BNB', ip: '10.0.0.102', os.name: 'Windows 10', os.arch: 'amd64', os.version: '10.0', java.version: '1.8.0_241'
Driver info: org.openqa.selenium.remote.RemoteWebDriver
Capabilities {acceptInsecureCerts: false, browserName: chrome, browserVersion: 79.0.3945.117, chrome: {chromedriverVersion: 79.0.3945.36 (3582db32b3389..., userDataDir: /tmp/.com.google.Chrome.afzJgM}, goog:chromeOptions: {debuggerAddress: localhost:33973}, javascriptEnabled: true, networkConnectionEnabled: false, pageLoadStrategy: normal, platform: LINUX, platformName: LINUX, proxy: Proxy(), setWindowRect: true, strictFileInteractability: false, timeouts: {implicit: 0, pageLoad: 300000, script: 30000}, unhandledPromptBehavior: dismiss and notify, webdriver.remote.sessionid: ddcf545084c4c31756866caed77...}
Session ID: ddcf545084c4c31756866caed7756d54
</error>
  </testcase>
  <testcase name="fluxoCompletoBoletoItemPorCategoriaRetira" classname="Tests.FluxoCompraTest" time="0.031">
    <error message="Session [ddcf545084c4c31756866caed7756d54] was terminated due to BROWSER_TIMEOUT&#10;Build info: version: &apos;3.141.59&apos;, revision: &apos;e82be7d358&apos;, time: &apos;2018-11-14T08:17:03&apos;&#10;System info: host: &apos;LSPSELB310BNB&apos;, ip: &apos;10.0.0.102&apos;, os.name: &apos;Windows 10&apos;, os.arch: &apos;amd64&apos;, os.version: &apos;10.0&apos;, java.version: &apos;1.8.0_241&apos;&#10;Driver info: org.openqa.selenium.remote.RemoteWebDriver&#10;Capabilities {acceptInsecureCerts: false, browserName: chrome, browserVersion: 79.0.3945.117, chrome: {chromedriverVersion: 79.0.3945.36 (3582db32b3389..., userDataDir: /tmp/.com.google.Chrome.afzJgM}, goog:chromeOptions: {debuggerAddress: localhost:33973}, javascriptEnabled: true, networkConnectionEnabled: false, pageLoadStrategy: normal, platform: LINUX, platformName: LINUX, proxy: Proxy(), setWindowRect: true, strictFileInteractability: false, timeouts: {implicit: 0, pageLoad: 300000, script: 30000}, unhandledPromptBehavior: dismiss and notify, webdriver.remote.sessionid: ddcf545084c4c31756866caed77...}&#10;Session ID: ddcf545084c4c31756866caed7756d54" type="org.openqa.selenium.WebDriverException">org.openqa.selenium.WebDriverException: 
Session [ddcf545084c4c31756866caed7756d54] was terminated due to BROWSER_TIMEOUT
Build info: version: '3.141.59', revision: 'e82be7d358', time: '2018-11-14T08:17:03'
System info: host: 'LSPSELB310BNB', ip: '10.0.0.102', os.name: 'Windows 10', os.arch: 'amd64', os.version: '10.0', java.version: '1.8.0_241'
Driver info: org.openqa.selenium.remote.RemoteWebDriver
Capabilities {acceptInsecureCerts: false, browserName: chrome, browserVersion: 79.0.3945.117, chrome: {chromedriverVersion: 79.0.3945.36 (3582db32b3389..., userDataDir: /tmp/.com.google.Chrome.afzJgM}, goog:chromeOptions: {debuggerAddress: localhost:33973}, javascriptEnabled: true, networkConnectionEnabled: false, pageLoadStrategy: normal, platform: LINUX, platformName: LINUX, proxy: Proxy(), setWindowRect: true, strictFileInteractability: false, timeouts: {implicit: 0, pageLoad: 300000, script: 30000}, unhandledPromptBehavior: dismiss and notify, webdriver.remote.sessionid: ddcf545084c4c31756866caed77...}
Session ID: ddcf545084c4c31756866caed7756d54
</error>
  </testcase>
  <testcase name="fluxoCompletoBoletoItemPorCategoriaRetira" classname="Tests.FluxoCompraTest" time="0.032">
    <error message="Session [ddcf545084c4c31756866caed7756d54] was terminated due to BROWSER_TIMEOUT&#10;Build info: version: &apos;3.141.59&apos;, revision: &apos;e82be7d358&apos;, time: &apos;2018-11-14T08:17:03&apos;&#10;System info: host: &apos;LSPSELB310BNB&apos;, ip: &apos;10.0.0.102&apos;, os.name: &apos;Windows 10&apos;, os.arch: &apos;amd64&apos;, os.version: &apos;10.0&apos;, java.version: &apos;1.8.0_241&apos;&#10;Driver info: org.openqa.selenium.remote.RemoteWebDriver&#10;Capabilities {acceptInsecureCerts: false, browserName: chrome, browserVersion: 79.0.3945.117, chrome: {chromedriverVersion: 79.0.3945.36 (3582db32b3389..., userDataDir: /tmp/.com.google.Chrome.afzJgM}, goog:chromeOptions: {debuggerAddress: localhost:33973}, javascriptEnabled: true, networkConnectionEnabled: false, pageLoadStrategy: normal, platform: LINUX, platformName: LINUX, proxy: Proxy(), setWindowRect: true, strictFileInteractability: false, timeouts: {implicit: 0, pageLoad: 300000, script: 30000}, unhandledPromptBehavior: dismiss and notify, webdriver.remote.sessionid: ddcf545084c4c31756866caed77...}&#10;Session ID: ddcf545084c4c31756866caed7756d54" type="org.openqa.selenium.WebDriverException">org.openqa.selenium.WebDriverException: 
Session [ddcf545084c4c31756866caed7756d54] was terminated due to BROWSER_TIMEOUT
Build info: version: '3.141.59', revision: 'e82be7d358', time: '2018-11-14T08:17:03'
System info: host: 'LSPSELB310BNB', ip: '10.0.0.102', os.name: 'Windows 10', os.arch: 'amd64', os.version: '10.0', java.version: '1.8.0_241'
Driver info: org.openqa.selenium.remote.RemoteWebDriver
Capabilities {acceptInsecureCerts: false, browserName: chrome, browserVersion: 79.0.3945.117, chrome: {chromedriverVersion: 79.0.3945.36 (3582db32b3389..., userDataDir: /tmp/.com.google.Chrome.afzJgM}, goog:chromeOptions: {debuggerAddress: localhost:33973}, javascriptEnabled: true, networkConnectionEnabled: false, pageLoadStrategy: normal, platform: LINUX, platformName: LINUX, proxy: Proxy(), setWindowRect: true, strictFileInteractability: false, timeouts: {implicit: 0, pageLoad: 300000, script: 30000}, unhandledPromptBehavior: dismiss and notify, webdriver.remote.sessionid: ddcf545084c4c31756866caed77...}
Session ID: ddcf545084c4c31756866caed7756d54
</error>
  </testcase>
</testsuite>